<?xml version="1.0" encoding="UTF-8"?>
<testsuite xmlns:xsi="http://www.w3.org/2001/XMLSchema-instance" xsi:noNamespaceSchemaLocation="https://maven.apache.org/surefire/maven-surefire-plugin/xsd/surefire-test-report-3.0.xsd" version="3.0" name="cucumberOptions.TestNGRunner" time="1.074" tests="1" errors="0" skipped="0" failures="0">
  <properties>
[...]
</properties>
  <testcase name="runScenario[&quot;User Page default Sign up&quot;, &quot;Application Login&quot;](1)" classname="cucumberOptions.TestNGRunner" time="0.083">
    <system-out><![CDATA[setup the enteries in Mortgage database
setup the enteries in NetBanking database
Browser launch
Hit The URL
************************
User is on Practice Landing page
ravneet
kaur
contact@gmail.com
5434364463
Home Page is displayed
Cards are displayed
clear the entries
]]></system-out>
    <system-err><![CDATA[SLF4J(W): No SLF4J providers were found.
SLF4J(W): Defaulting to no-operation (NOP) logger implementation
SLF4J(W): See https://www.slf4j.org/codes.html#noProviders for further details.
]]></system-err>
  </testcase>
</testsuite>